2025-09-19 11:43:55 ERROR o.s.b.d.LoggingFailureAnalysisReporter - 

***************************
APPLICATION FAILED TO START
***************************

Description:

Field passwordDecryptService in com.scemplogin.service.SCEmpLoginService required a bean of type 'com.project.service.PasswordDecryptService' that could not be found.

The injection point has the following annotations:
	- @org.springframework.beans.factory.annotation.Autowired(required=true)


Action:

Consider defining a bean of type 'com.project.service.PasswordDecryptService' in your configuration.

2025-09-19 11:44:38 ERROR o.s.b.d.LoggingFailureAnalysisReporter - 

***************************
APPLICATION FAILED TO START
***************************

Description:

Field passwordDecryptService in com.scemplogin.service.SCEmpLoginService required a bean of type 'com.project.service.PasswordDecryptService' that could not be found.

The injection point has the following annotations:
	- @org.springframework.beans.factory.annotation.Autowired(required=true)


Action:

Consider defining a bean of type 'com.project.service.PasswordDecryptService' in your configuration.

